<?xml version="1.0" encoding="UTF-8"?>
<!-- Generated by org.testng.reporters.JUnitReportReporter -->
<testsuite skipped="4" hostname="Ruslan" name="com.commondeer.retailtest.CustomerInformationPageTest" tests="4" failures="0" timestamp="04 Jan 2019 02:44:28 GMT" time="0.000" errors="0">
  <testcase name="invalidPromoCode" time="0.000" classname="com.commondeer.retailtest.CustomerInformationPageTest">
    <skipped/>
  </testcase> <!-- invalidPromoCode -->
  <testcase name="invalidPromoCode" time="0.000" classname="com.commondeer.retailtest.CustomerInformationPageTest">
    <skipped/>
  </testcase> <!-- invalidPromoCode -->
  <testcase name="invalidPromoCode" time="0.000" classname="com.commondeer.retailtest.CustomerInformationPageTest">
    <skipped/>
  </testcase> <!-- invalidPromoCode -->
  <testcase name="invalidPromoCode" time="0.000" classname="com.commondeer.retailtest.CustomerInformationPageTest">
    <skipped/>
  </testcase> <!-- invalidPromoCode -->
</testsuite> <!-- com.commondeer.retailtest.CustomerInformationPageTest -->
