<?xml version="1.0" encoding="UTF-8"?>
<!-- Generated by org.testng.reporters.JUnitReportReporter -->
<testsuite skipped="3" hostname="Ruslan" name="com.commondeer.retailtest.LoginTest" tests="3" failures="0" timestamp="04 Jan 2019 02:44:28 GMT" time="0.000" errors="0">
  <testcase name="invalidSignin" time="0.000" classname="com.commondeer.retailtest.LoginTest">
    <skipped/>
  </testcase> <!-- invalidSignin -->
  <testcase name="invalidSignin" time="0.000" classname="com.commondeer.retailtest.LoginTest">
    <skipped/>
  </testcase> <!-- invalidSignin -->
  <testcase name="invalidSignin" time="0.000" classname="com.commondeer.retailtest.LoginTest">
    <skipped/>
  </testcase> <!-- invalidSignin -->
</testsuite> <!-- com.commondeer.retailtest.LoginTest -->
