<?xml version="1.0" encoding="UTF-8"?>
<!-- Generated by org.testng.reporters.JUnitReportReporter -->
<testsuite skipped="1" hostname="Ruslan" name="com.commondeer.retailtest.CreateAccountTest" tests="1" failures="0" timestamp="04 Jan 2019 02:44:28 GMT" time="0.000" errors="0">
  <testcase name="createNewAccountTest" time="0.000" classname="com.commondeer.retailtest.CreateAccountTest">
    <skipped/>
  </testcase> <!-- createNewAccountTest -->
</testsuite> <!-- com.commondeer.retailtest.CreateAccountTest -->
