<?xml version="1.0" encoding="UTF-8"?>
<!-- Generated by org.testng.reporters.JUnitReportReporter -->
<testsuite skipped="5" hostname="Ruslan" name="com.commondeer.retailtest.GoogleSheetForLogInTest" tests="5" failures="0" timestamp="04 Jan 2019 02:44:28 GMT" time="0.000" errors="0">
  <testcase name="invalidSignin" time="0.000" classname="com.commondeer.retailtest.GoogleSheetForLogInTest">
    <skipped/>
  </testcase> <!-- invalidSignin -->
  <testcase name="invalidSignin" time="0.000" classname="com.commondeer.retailtest.GoogleSheetForLogInTest">
    <skipped/>
  </testcase> <!-- invalidSignin -->
  <testcase name="invalidSignin" time="0.000" classname="com.commondeer.retailtest.GoogleSheetForLogInTest">
    <skipped/>
  </testcase> <!-- invalidSignin -->
  <testcase name="invalidSignin" time="0.000" classname="com.commondeer.retailtest.GoogleSheetForLogInTest">
    <skipped/>
  </testcase> <!-- invalidSignin -->
  <testcase name="invalidSigninByGoogleSheetApi" classname="com.commondeer.retailtest.GoogleSheetForLogInTest">
    <skipped/>
  </testcase> <!-- invalidSigninByGoogleSheetApi -->
</testsuite> <!-- com.commondeer.retailtest.GoogleSheetForLogInTest -->
