<?xml version="1.0" encoding="UTF-8"?>
<!-- Generated by org.testng.reporters.JUnitReportReporter -->
<testsuite skipped="4" hostname="Ruslan" name="com.commondeer.retailtest.AllProductPageTest" tests="4" failures="0" timestamp="04 Jan 2019 02:44:28 GMT" time="0.000" errors="0">
  <testcase name="sortByTest" time="0.000" classname="com.commondeer.retailtest.AllProductPageTest">
    <skipped/>
  </testcase> <!-- sortByTest -->
  <testcase name="selectItemToshoppingListTest" time="0.000" classname="com.commondeer.retailtest.AllProductPageTest">
    <skipped/>
  </testcase> <!-- selectItemToshoppingListTest -->
  <testcase name="changeViewTest" time="0.000" classname="com.commondeer.retailtest.AllProductPageTest">
    <skipped/>
  </testcase> <!-- changeViewTest -->
  <testcase name="changePageTest" time="0.000" classname="com.commondeer.retailtest.AllProductPageTest">
    <skipped/>
  </testcase> <!-- changePageTest -->
</testsuite> <!-- com.commondeer.retailtest.AllProductPageTest -->
