<?xml version="1.0" encoding="UTF-8"?>
<!-- Generated by org.testng.reporters.JUnitReportReporter -->
<testsuite skipped="1" hostname="Ruslan" name="vasya.appPageTest" tests="1" failures="0" timestamp="04 Jan 2019 02:44:16 GMT" time="0.000" errors="0">
  <testcase name="appTest" time="0.000" classname="vasya.appPageTest">
    <skipped/>
  </testcase> <!-- appTest -->
</testsuite> <!-- vasya.appPageTest -->
