<?xml version="1.0" encoding="UTF-8"?>
<!-- Generated by org.testng.reporters.JUnitReportReporter -->
<testsuite skipped="0" hostname="Ruslan" name="vasya.HomePageTest" tests="1" failures="0" timestamp="04 Jan 2019 02:44:16 GMT" time="12.551" errors="0">
  <testcase name="searchTest" time="12.551" classname="vasya.HomePageTest"/>
</testsuite> <!-- vasya.HomePageTest -->
