<?xml version="1.0" encoding="UTF-8"?>
<!-- Generated by org.testng.reporters.JUnitReportReporter -->
<testsuite skipped="0" hostname="Jewels-MacBook.local" name="testCases.BrowserPageTest" tests="1" failures="0" timestamp="02 Feb 2019 04:23:19 GMT" time="90.023" errors="0">
  <testcase name="BrosTestR" time="90.023" classname="testCases.BrowserPageTest"/>
</testsuite> <!-- testCases.BrowserPageTest -->
