<?xml version="1.0" encoding="UTF-8"?>
<!-- Generated by org.testng.reporters.JUnitReportReporter -->
<testsuite skipped="1" hostname="Jewels-MacBook.fios-router.home" name="vasya.loginpageTest" tests="1" failures="0" timestamp="04 Jan 2019 04:06:42 GMT" time="0.000" errors="0">
  <testcase name="loginIngredientTest" time="0.000" classname="vasya.loginpageTest">
    <skipped/>
  </testcase> <!-- loginIngredientTest -->
</testsuite> <!-- vasya.loginpageTest -->
