<?xml version="1.0" encoding="UTF-8"?>
<!-- Generated by org.testng.reporters.JUnitReportReporter -->
<testsuite skipped="1" hostname="Ruslan" name="test.pageobjects.ContactUsPageTest" tests="1" failures="0" timestamp="04 Jan 2019 02:44:38 GMT" time="0.000" errors="0">
  <testcase name="contactUsTest" time="0.000" classname="test.pageobjects.ContactUsPageTest">
    <skipped/>
  </testcase> <!-- contactUsTest -->
</testsuite> <!-- test.pageobjects.ContactUsPageTest -->
